2026-05-14 16:17:29 [Information] Now listening on: "https://localhost:7243"
2026-05-14 16:17:29 [Information] Now listening on: "http://localhost:5025"
2026-05-14 16:17:30 [Information] Application started. Press Ctrl+C to shut down.
2026-05-14 16:17:30 [Information] Hosting environment: "Development"
2026-05-14 16:17:30 [Information] Content root path: "D:\C# Projects\Slamty\Slamty.Api"
2026-05-14 16:17:32 [Information] Request starting "HTTP/2" "GET" "https"://"localhost:7243""""/swagger/index.html""" - null null
2026-05-14 16:17:33 [Information] Request finished "HTTP/2" "GET" "https"://"localhost:7243""""/swagger/index.html""" - 200 null "text/html;charset=utf-8" 1066.2863ms
2026-05-14 16:17:33 [Information] Request starting "HTTP/2" "GET" "https"://"localhost:7243""""/_framework/aspnetcore-browser-refresh.js""" - null null
2026-05-14 16:17:33 [Information] Request starting "HTTP/2" "GET" "https"://"localhost:7243""""/_vs/browserLink""" - null null
2026-05-14 16:17:34 [Information] Request finished "HTTP/2" "GET" "https"://"localhost:7243""""/_framework/aspnetcore-browser-refresh.js""" - 200 14925 "application/javascript; charset=utf-8" 101.8182ms
2026-05-14 16:17:34 [Information] Request finished "HTTP/2" "GET" "https"://"localhost:7243""""/_vs/browserLink""" - 200 null "text/javascript; charset=UTF-8" 283.1063ms
2026-05-14 16:17:34 [Information] Request starting "HTTP/2" "GET" "https"://"localhost:7243""""/swagger/v1/swagger.json""" - null null
2026-05-14 16:17:34 [Information] Request finished "HTTP/2" "GET" "https"://"localhost:7243""""/swagger/v1/swagger.json""" - 200 null "application/json;charset=utf-8" 100.655ms
2026-05-14 16:18:47 [Information] Now listening on: "https://localhost:7243"
2026-05-14 16:18:47 [Information] Now listening on: "http://localhost:5025"
2026-05-14 16:18:48 [Information] Request starting "HTTP/2" "GET" "https"://"localhost:7243""""/swagger/index.html""" - null null
2026-05-14 16:18:48 [Information] Application started. Press Ctrl+C to shut down.
2026-05-14 16:18:48 [Information] Hosting environment: "Development"
2026-05-14 16:18:48 [Information] Content root path: "D:\C# Projects\Slamty\Slamty.Api"
2026-05-14 16:18:49 [Information] Request finished "HTTP/2" "GET" "https"://"localhost:7243""""/swagger/index.html""" - 200 null "text/html;charset=utf-8" 926.4009ms
2026-05-14 16:18:49 [Information] Request starting "HTTP/2" "GET" "https"://"localhost:7243""""/_framework/aspnetcore-browser-refresh.js""" - null null
2026-05-14 16:18:49 [Information] Request starting "HTTP/2" "GET" "https"://"localhost:7243""""/_vs/browserLink""" - null null
2026-05-14 16:18:49 [Information] Request finished "HTTP/2" "GET" "https"://"localhost:7243""""/_framework/aspnetcore-browser-refresh.js""" - 200 14925 "application/javascript; charset=utf-8" 52.1967ms
2026-05-14 16:18:49 [Information] Request finished "HTTP/2" "GET" "https"://"localhost:7243""""/_vs/browserLink""" - 200 null "text/javascript; charset=UTF-8" 279.9851ms
2026-05-14 16:18:50 [Information] Request starting "HTTP/2" "GET" "https"://"localhost:7243""""/swagger/v1/swagger.json""" - null null
2026-05-14 16:18:50 [Information] Request finished "HTTP/2" "GET" "https"://"localhost:7243""""/swagger/v1/swagger.json""" - 200 null "application/json;charset=utf-8" 125.097ms
2026-05-14 16:19:23 [Information] Now listening on: "https://localhost:7243"
2026-05-14 16:19:24 [Information] Now listening on: "http://localhost:5025"
2026-05-14 16:19:25 [Information] Application started. Press Ctrl+C to shut down.
2026-05-14 16:19:25 [Information] Hosting environment: "Development"
2026-05-14 16:19:25 [Information] Content root path: "D:\C# Projects\Slamty\Slamty.Api"
2026-05-14 16:19:25 [Information] Request starting "HTTP/2" "GET" "https"://"localhost:7243""""/swagger/index.html""" - null null
2026-05-14 16:19:26 [Information] Request finished "HTTP/2" "GET" "https"://"localhost:7243""""/swagger/index.html""" - 200 null "text/html;charset=utf-8" 1077.7628ms
2026-05-14 16:19:26 [Information] Request starting "HTTP/2" "GET" "https"://"localhost:7243""""/_framework/aspnetcore-browser-refresh.js""" - null null
2026-05-14 16:19:26 [Information] Request starting "HTTP/2" "GET" "https"://"localhost:7243""""/_vs/browserLink""" - null null
2026-05-14 16:19:26 [Information] Request finished "HTTP/2" "GET" "https"://"localhost:7243""""/_framework/aspnetcore-browser-refresh.js""" - 200 14925 "application/javascript; charset=utf-8" 43.7561ms
2026-05-14 16:19:26 [Information] Request finished "HTTP/2" "GET" "https"://"localhost:7243""""/_vs/browserLink""" - 200 null "text/javascript; charset=UTF-8" 196.7691ms
2026-05-14 16:19:27 [Information] Request starting "HTTP/2" "GET" "https"://"localhost:7243""""/swagger/v1/swagger.json""" - null null
2026-05-14 16:19:27 [Information] Request finished "HTTP/2" "GET" "https"://"localhost:7243""""/swagger/v1/swagger.json""" - 200 null "application/json;charset=utf-8" 53.2852ms
2026-05-14 17:15:10 [Information] Now listening on: "https://localhost:7243"
2026-05-14 17:15:10 [Information] Now listening on: "http://localhost:5025"
2026-05-14 17:15:10 [Information] Application started. Press Ctrl+C to shut down.
2026-05-14 17:15:10 [Information] Hosting environment: "Development"
2026-05-14 17:15:10 [Information] Content root path: "D:\.NetDeveloper\API Projects\Slamty System API\Slamty.Api"
2026-05-14 17:15:11 [Information] Request starting "HTTP/2" "GET" "https"://"localhost:7243""""/swagger/index.html""" - null null
2026-05-14 17:15:11 [Information] Request finished "HTTP/2" "GET" "https"://"localhost:7243""""/swagger/index.html""" - 200 null "text/html;charset=utf-8" 506.1648ms
2026-05-14 17:15:11 [Information] Request starting "HTTP/2" "GET" "https"://"localhost:7243""""/_framework/aspnetcore-browser-refresh.js""" - null null
2026-05-14 17:15:11 [Information] Request finished "HTTP/2" "GET" "https"://"localhost:7243""""/_framework/aspnetcore-browser-refresh.js""" - 200 16505 "application/javascript; charset=utf-8" 23.4739ms
2026-05-14 17:15:11 [Information] Request starting "HTTP/2" "GET" "https"://"localhost:7243""""/_vs/browserLink""" - null null
2026-05-14 17:15:11 [Information] Request finished "HTTP/2" "GET" "https"://"localhost:7243""""/_vs/browserLink""" - 200 null "text/javascript; charset=UTF-8" 97.7724ms
2026-05-14 17:15:12 [Information] Request starting "HTTP/2" "GET" "https"://"localhost:7243""""/swagger/v1/swagger.json""" - null null
2026-05-14 17:15:12 [Information] Request finished "HTTP/2" "GET" "https"://"localhost:7243""""/swagger/v1/swagger.json""" - 200 null "application/json;charset=utf-8" 50.5387ms
