2026-06-02 03:22:20 [Information] User profile is available. Using '"C:\Users\ENG Youssef\AppData\Local\ASP.NET\DataProtection-Keys"' as key repository and Windows DPAPI to encrypt keys at rest.
2026-06-02 03:22:21 [Information] Now listening on: "https://localhost:7243"
2026-06-02 03:22:21 [Information] Now listening on: "http://localhost:5025"
2026-06-02 03:22:21 [Information] Application started. Press Ctrl+C to shut down.
2026-06-02 03:22:21 [Information] Hosting environment: "Development"
2026-06-02 03:22:21 [Information] Content root path: "C:\Users\ENG Youssef\Source\Repos\Slamty\Slamty.Api"
2026-06-02 03:22:21 [Information] Request starting "HTTP/2" "GET" "https"://"localhost:7243""""/swagger""" - null null
2026-06-02 03:22:21 [Information] Request finished "HTTP/2" "GET" "https"://"localhost:7243""""/swagger""" - 301 0 null 191.1214ms
2026-06-02 03:22:21 [Information] Request starting "HTTP/2" "GET" "https"://"localhost:7243""""/swagger/index.html""" - null null
2026-06-02 03:22:21 [Information] Request finished "HTTP/2" "GET" "https"://"localhost:7243""""/swagger/index.html""" - 200 null "text/html;charset=utf-8" 74.9358ms
2026-06-02 03:22:21 [Information] Request starting "HTTP/2" "GET" "https"://"localhost:7243""""/swagger/swagger-ui.css""" - null null
2026-06-02 03:22:21 [Information] Request starting "HTTP/2" "GET" "https"://"localhost:7243""""/swagger/swagger-ui-bundle.js""" - null null
2026-06-02 03:22:21 [Information] Request starting "HTTP/2" "GET" "https"://"localhost:7243""""/swagger/swagger-ui-standalone-preset.js""" - null null
2026-06-02 03:22:21 [Information] Request starting "HTTP/2" "GET" "https"://"localhost:7243""""/_framework/aspnetcore-browser-refresh.js""" - null null
2026-06-02 03:22:21 [Information] Request starting "HTTP/2" "GET" "https"://"localhost:7243""""/_vs/browserLink""" - null null
2026-06-02 03:22:21 [Information] Request finished "HTTP/2" "GET" "https"://"localhost:7243""""/_framework/aspnetcore-browser-refresh.js""" - 200 13756 "application/javascript; charset=utf-8" 23.5612ms
2026-06-02 03:22:21 [Information] Sending file. Request path: '"/swagger-ui-standalone-preset.js"'. Physical path: '"N/A"'
2026-06-02 03:22:21 [Information] Sending file. Request path: '"/swagger-ui.css"'. Physical path: '"N/A"'
2026-06-02 03:22:21 [Information] Request finished "HTTP/2" "GET" "https"://"localhost:7243""""/swagger/swagger-ui-standalone-preset.js""" - 200 230280 "text/javascript" 36.4648ms
2026-06-02 03:22:21 [Information] Request finished "HTTP/2" "GET" "https"://"localhost:7243""""/swagger/swagger-ui.css""" - 200 152034 "text/css" 37.987ms
2026-06-02 03:22:21 [Information] Sending file. Request path: '"/swagger-ui-bundle.js"'. Physical path: '"N/A"'
2026-06-02 03:22:21 [Information] Request finished "HTTP/2" "GET" "https"://"localhost:7243""""/swagger/swagger-ui-bundle.js""" - 200 1456926 "text/javascript" 60.3009ms
2026-06-02 03:22:21 [Information] Request finished "HTTP/2" "GET" "https"://"localhost:7243""""/_vs/browserLink""" - 200 null "text/javascript; charset=UTF-8" 88.1715ms
2026-06-02 03:22:22 [Information] Request starting "HTTP/2" "GET" "https"://"localhost:7243""""/swagger/v1/swagger.json""" - null null
2026-06-02 03:22:22 [Information] Request finished "HTTP/2" "GET" "https"://"localhost:7243""""/swagger/v1/swagger.json""" - 200 null "application/json;charset=utf-8" 19.7193ms
2026-06-02 03:22:22 [Information] Request starting "HTTP/2" "GET" "https"://"localhost:7243""""/swagger/favicon-32x32.png""" - null null
2026-06-02 03:22:22 [Information] Sending file. Request path: '"/favicon-32x32.png"'. Physical path: '"N/A"'
2026-06-02 03:22:22 [Information] Request finished "HTTP/2" "GET" "https"://"localhost:7243""""/swagger/favicon-32x32.png""" - 200 628 "image/png" 8.9746ms
2026-06-02 03:22:33 [Information] User profile is available. Using '"C:\Users\ENG Youssef\AppData\Local\ASP.NET\DataProtection-Keys"' as key repository and Windows DPAPI to encrypt keys at rest.
2026-06-02 03:22:34 [Information] Now listening on: "https://localhost:7243"
2026-06-02 03:22:34 [Information] Now listening on: "http://localhost:5025"
2026-06-02 03:22:34 [Information] Application started. Press Ctrl+C to shut down.
2026-06-02 03:22:34 [Information] Hosting environment: "Development"
2026-06-02 03:22:34 [Information] Content root path: "C:\Users\ENG Youssef\Source\Repos\Slamty\Slamty.Api"
2026-06-02 03:22:37 [Information] Request starting "HTTP/2" "GET" "https"://"localhost:7243""""/swagger""" - null null
2026-06-02 03:22:37 [Information] Request finished "HTTP/2" "GET" "https"://"localhost:7243""""/swagger""" - 301 0 null 217.7013ms
2026-06-02 03:22:37 [Information] Request starting "HTTP/2" "GET" "https"://"localhost:7243""""/swagger/index.html""" - null null
2026-06-02 03:22:37 [Information] Request finished "HTTP/2" "GET" "https"://"localhost:7243""""/swagger/index.html""" - 200 null "text/html;charset=utf-8" 72.2099ms
2026-06-02 03:22:37 [Information] Request starting "HTTP/2" "GET" "https"://"localhost:7243""""/swagger/swagger-ui.css""" - null null
2026-06-02 03:22:37 [Information] Request starting "HTTP/2" "GET" "https"://"localhost:7243""""/_vs/browserLink""" - null null
2026-06-02 03:22:37 [Information] Request starting "HTTP/2" "GET" "https"://"localhost:7243""""/_framework/aspnetcore-browser-refresh.js""" - null null
2026-06-02 03:22:37 [Information] Request starting "HTTP/2" "GET" "https"://"localhost:7243""""/swagger/swagger-ui-standalone-preset.js""" - null null
2026-06-02 03:22:37 [Information] Request starting "HTTP/2" "GET" "https"://"localhost:7243""""/swagger/swagger-ui-bundle.js""" - null null
2026-06-02 03:22:38 [Information] Request finished "HTTP/2" "GET" "https"://"localhost:7243""""/_framework/aspnetcore-browser-refresh.js""" - 200 13756 "application/javascript; charset=utf-8" 50.3127ms
2026-06-02 03:22:38 [Information] Sending file. Request path: '"/swagger-ui.css"'. Physical path: '"N/A"'
2026-06-02 03:22:38 [Information] Sending file. Request path: '"/swagger-ui-standalone-preset.js"'. Physical path: '"N/A"'
2026-06-02 03:22:38 [Information] Request finished "HTTP/2" "GET" "https"://"localhost:7243""""/swagger/swagger-ui.css""" - 200 152034 "text/css" 99.1491ms
2026-06-02 03:22:38 [Information] Request finished "HTTP/2" "GET" "https"://"localhost:7243""""/swagger/swagger-ui-standalone-preset.js""" - 200 230280 "text/javascript" 99.3895ms
2026-06-02 03:22:38 [Information] Sending file. Request path: '"/swagger-ui-bundle.js"'. Physical path: '"N/A"'
2026-06-02 03:22:38 [Information] Request finished "HTTP/2" "GET" "https"://"localhost:7243""""/swagger/swagger-ui-bundle.js""" - 200 1456926 "text/javascript" 117.1465ms
2026-06-02 03:22:38 [Information] Request finished "HTTP/2" "GET" "https"://"localhost:7243""""/_vs/browserLink""" - 200 null "text/javascript; charset=UTF-8" 131.7777ms
2026-06-02 03:22:38 [Information] Request starting "HTTP/2" "GET" "https"://"localhost:7243""""/swagger/v1/swagger.json""" - null null
2026-06-02 03:22:38 [Information] Request finished "HTTP/2" "GET" "https"://"localhost:7243""""/swagger/v1/swagger.json""" - 200 null "application/json;charset=utf-8" 21.918ms
2026-06-02 03:22:38 [Information] Request starting "HTTP/2" "GET" "https"://"localhost:7243""""/swagger/favicon-32x32.png""" - null null
2026-06-02 03:22:38 [Information] Sending file. Request path: '"/favicon-32x32.png"'. Physical path: '"N/A"'
2026-06-02 03:22:38 [Information] Request finished "HTTP/2" "GET" "https"://"localhost:7243""""/swagger/favicon-32x32.png""" - 200 628 "image/png" 9.4818ms
2026-06-02 03:23:59 [Information] Request starting "HTTP/2" "POST" "https"://"localhost:7243""""/api/mobile/Auth/Register""" - "application/json" 195
2026-06-02 03:23:59 [Information] Executing endpoint '"Slamty.Api.Controllers.Mobile.AuthController.Register (Slamty.Api)"'
2026-06-02 03:24:00 [Information] Route matched with "{action = \"Register\", controller = \"Auth\"}". Executing controller action with signature "System.Threading.Tasks.Task`1[Microsoft.AspNetCore.Mvc.IActionResult] Register(Slamty.Application.Features.Auth.Commands.Registration.RegistrationCommand)" on controller "Slamty.Api.Controllers.Mobile.AuthController" ("Slamty.Api").
2026-06-02 03:24:00 [Information] Executing "BadRequestObjectResult", writing value of type '"Microsoft.AspNetCore.Mvc.ValidationProblemDetails"'.
2026-06-02 03:24:00 [Information] Executed action "Slamty.Api.Controllers.Mobile.AuthController.Register (Slamty.Api)" in 72.586ms
2026-06-02 03:24:00 [Information] Executed endpoint '"Slamty.Api.Controllers.Mobile.AuthController.Register (Slamty.Api)"'
2026-06-02 03:24:00 [Information] Request finished "HTTP/2" "POST" "https"://"localhost:7243""""/api/mobile/Auth/Register""" - 400 null "application/problem+json; charset=utf-8" 604.2983ms
2026-06-02 03:24:24 [Information] Request starting "HTTP/2" "POST" "https"://"localhost:7243""""/api/mobile/Auth/Register""" - "application/json" 197
2026-06-02 03:24:24 [Information] Executing endpoint '"Slamty.Api.Controllers.Mobile.AuthController.Register (Slamty.Api)"'
2026-06-02 03:24:24 [Information] Route matched with "{action = \"Register\", controller = \"Auth\"}". Executing controller action with signature "System.Threading.Tasks.Task`1[Microsoft.AspNetCore.Mvc.IActionResult] Register(Slamty.Application.Features.Auth.Commands.Registration.RegistrationCommand)" on controller "Slamty.Api.Controllers.Mobile.AuthController" ("Slamty.Api").
2026-06-02 03:24:24 [Information] Executing "BadRequestObjectResult", writing value of type '"Microsoft.AspNetCore.Mvc.ValidationProblemDetails"'.
2026-06-02 03:24:24 [Information] Executed action "Slamty.Api.Controllers.Mobile.AuthController.Register (Slamty.Api)" in 4.3351ms
2026-06-02 03:24:24 [Information] Executed endpoint '"Slamty.Api.Controllers.Mobile.AuthController.Register (Slamty.Api)"'
2026-06-02 03:24:24 [Information] Request finished "HTTP/2" "POST" "https"://"localhost:7243""""/api/mobile/Auth/Register""" - 400 null "application/problem+json; charset=utf-8" 30.1614ms
2026-06-02 03:24:37 [Information] Request starting "HTTP/2" "POST" "https"://"localhost:7243""""/api/mobile/Auth/Register""" - "application/json" 191
2026-06-02 03:24:37 [Information] Executing endpoint '"Slamty.Api.Controllers.Mobile.AuthController.Register (Slamty.Api)"'
2026-06-02 03:24:37 [Information] Route matched with "{action = \"Register\", controller = \"Auth\"}". Executing controller action with signature "System.Threading.Tasks.Task`1[Microsoft.AspNetCore.Mvc.IActionResult] Register(Slamty.Application.Features.Auth.Commands.Registration.RegistrationCommand)" on controller "Slamty.Api.Controllers.Mobile.AuthController" ("Slamty.Api").
2026-06-02 03:24:37 [Information] Executed action "Slamty.Api.Controllers.Mobile.AuthController.Register (Slamty.Api)" in 98.2239ms
2026-06-02 03:24:37 [Information] Executed endpoint '"Slamty.Api.Controllers.Mobile.AuthController.Register (Slamty.Api)"'
2026-06-02 03:24:37 [Error] An unhandled exception has occurred while executing the request.
System.InvalidOperationException: No service for type 'MediatR.ISender' has been registered.
   at Microsoft.Extensions.DependencyInjection.ServiceProviderServiceExtensions.GetRequiredService(IServiceProvider provider, Type serviceType)
   at Microsoft.Extensions.DependencyInjection.ServiceProviderServiceExtensions.GetRequiredService[T](IServiceProvider provider)
   at Slamty.API.Controllers.BaseApiController.get_Mediator() in C:\Users\ENG Youssef\Source\Repos\Slamty\Slamty.Api\Controllers\BaseApiController.cs:line 12
   at Slamty.Api.Controllers.Mobile.AuthController.Register(RegistrationCommand request) in C:\Users\ENG Youssef\Source\Repos\Slamty\Slamty.Api\Controllers\Mobile\AuthController.cs:line 46
   at Microsoft.AspNetCore.Mvc.Infrastructure.ActionMethodExecutor.TaskOfIActionResultExecutor.Execute(ActionContext actionContext, IActionResultTypeMapper mapper, ObjectMethodExecutor executor, Object controller, Object[] arguments)
   at Microsoft.AspNetCore.Mvc.Infrastructure.ControllerActionInvoker.<InvokeActionMethodAsync>g__Awaited|12_0(ControllerActionInvoker invoker, ValueTask`1 actionResultValueTask)
   at Microsoft.AspNetCore.Mvc.Infrastructure.ControllerActionInvoker.<InvokeNextActionFilterAsync>g__Awaited|10_0(ControllerActionInvoker invoker, Task lastTask, State next, Scope scope, Object state, Boolean isCompleted)
   at Microsoft.AspNetCore.Mvc.Infrastructure.ControllerActionInvoker.Rethrow(ActionExecutedContextSealed context)
   at Microsoft.AspNetCore.Mvc.Infrastructure.ControllerActionInvoker.Next(State& next, Scope& scope, Object& state, Boolean& isCompleted)
   at Microsoft.AspNetCore.Mvc.Infrastructure.ControllerActionInvoker.InvokeInnerFilterAsync()
--- End of stack trace from previous location ---
   at Microsoft.AspNetCore.Mvc.Infrastructure.ResourceInvoker.<InvokeFilterPipelineAsync>g__Awaited|20_0(ResourceInvoker invoker, Task lastTask, State next, Scope scope, Object state, Boolean isCompleted)
   at Microsoft.AspNetCore.Mvc.Infrastructure.ResourceInvoker.<InvokeAsync>g__Logged|17_1(ResourceInvoker invoker)
   at Microsoft.AspNetCore.Mvc.Infrastructure.ResourceInvoker.<InvokeAsync>g__Logged|17_1(ResourceInvoker invoker)
   at Microsoft.AspNetCore.Routing.EndpointMiddleware.<Invoke>g__AwaitRequestTask|7_0(Endpoint endpoint, Task requestTask, ILogger logger)
   at Microsoft.AspNetCore.Authorization.AuthorizationMiddleware.Invoke(HttpContext context)
   at Swashbuckle.AspNetCore.SwaggerUI.SwaggerUIMiddleware.Invoke(HttpContext httpContext)
   at Swashbuckle.AspNetCore.Swagger.SwaggerMiddleware.Invoke(HttpContext httpContext, ISwaggerProvider swaggerProvider)
   at Microsoft.AspNetCore.Authentication.AuthenticationMiddleware.Invoke(HttpContext context)
   at Microsoft.AspNetCore.Diagnostics.DeveloperExceptionPageMiddlewareImpl.Invoke(HttpContext context)
2026-06-02 03:24:37 [Information] Request finished "HTTP/2" "POST" "https"://"localhost:7243""""/api/mobile/Auth/Register""" - 500 null "text/plain; charset=utf-8" 199.0774ms
