2026-05-18 14:28:30 [Information] User profile is available. Using '"C:\Users\AHMED\AppData\Local\ASP.NET\DataProtection-Keys"' as key repository and Windows DPAPI to encrypt keys at rest.
2026-05-18 14:28:32 [Information] Now listening on: "https://localhost:7243"
2026-05-18 14:28:32 [Information] Now listening on: "http://localhost:5025"
2026-05-18 14:28:32 [Information] Application started. Press Ctrl+C to shut down.
2026-05-18 14:28:32 [Information] Hosting environment: "Development"
2026-05-18 14:28:32 [Information] Content root path: "D:\.NetDeveloper\API Projects\Slamty System API\Slamty.Api"
2026-05-18 14:28:35 [Information] Request starting "HTTP/2" "GET" "https"://"localhost:7243""""/swagger""" - null null
2026-05-18 14:28:35 [Information] Request finished "HTTP/2" "GET" "https"://"localhost:7243""""/swagger""" - 301 0 null 268.6437ms
2026-05-18 14:28:35 [Information] Request starting "HTTP/2" "GET" "https"://"localhost:7243""""/swagger/index.html""" - null null
2026-05-18 14:28:36 [Information] Request finished "HTTP/2" "GET" "https"://"localhost:7243""""/swagger/index.html""" - 200 null "text/html;charset=utf-8" 126.2186ms
2026-05-18 14:28:36 [Information] Request starting "HTTP/2" "GET" "https"://"localhost:7243""""/swagger/swagger-ui.css""" - null null
2026-05-18 14:28:36 [Information] Request starting "HTTP/2" "GET" "https"://"localhost:7243""""/swagger/swagger-ui-bundle.js""" - null null
2026-05-18 14:28:36 [Information] Request starting "HTTP/2" "GET" "https"://"localhost:7243""""/swagger/swagger-ui-standalone-preset.js""" - null null
2026-05-18 14:28:36 [Information] Request starting "HTTP/2" "GET" "https"://"localhost:7243""""/_framework/aspnetcore-browser-refresh.js""" - null null
2026-05-18 14:28:36 [Information] Request starting "HTTP/2" "GET" "https"://"localhost:7243""""/_vs/browserLink""" - null null
2026-05-18 14:28:36 [Information] Request finished "HTTP/2" "GET" "https"://"localhost:7243""""/_framework/aspnetcore-browser-refresh.js""" - 200 16505 "application/javascript; charset=utf-8" 51.2984ms
2026-05-18 14:28:36 [Information] Sending file. Request path: '"/swagger-ui.css"'. Physical path: '"N/A"'
2026-05-18 14:28:36 [Information] Sending file. Request path: '"/swagger-ui-standalone-preset.js"'. Physical path: '"N/A"'
2026-05-18 14:28:36 [Information] Request finished "HTTP/2" "GET" "https"://"localhost:7243""""/swagger/swagger-ui.css""" - 200 152034 "text/css" 196.533ms
2026-05-18 14:28:36 [Information] Request finished "HTTP/2" "GET" "https"://"localhost:7243""""/swagger/swagger-ui-standalone-preset.js""" - 200 230280 "text/javascript" 184.0872ms
2026-05-18 14:28:36 [Information] Sending file. Request path: '"/swagger-ui-bundle.js"'. Physical path: '"N/A"'
2026-05-18 14:28:36 [Information] Request finished "HTTP/2" "GET" "https"://"localhost:7243""""/swagger/swagger-ui-bundle.js""" - 200 1456926 "text/javascript" 244.0803ms
2026-05-18 14:28:37 [Information] Request finished "HTTP/2" "GET" "https"://"localhost:7243""""/_vs/browserLink""" - 200 null "text/javascript; charset=UTF-8" 1111.5841ms
2026-05-18 14:28:37 [Information] Request starting "HTTP/2" "GET" "https"://"localhost:7243""""/swagger/v1/swagger.json""" - null null
2026-05-18 14:28:37 [Information] Request finished "HTTP/2" "GET" "https"://"localhost:7243""""/swagger/v1/swagger.json""" - 200 null "application/json;charset=utf-8" 38.2761ms
