2026-06-12 19:21:42 [Information] User profile is available. Using '"C:\Users\AHMED\AppData\Local\ASP.NET\DataProtection-Keys"' as key repository and Windows DPAPI to encrypt keys at rest.
2026-06-12 19:21:44 [Information] Now listening on: "https://localhost:7243"
2026-06-12 19:21:44 [Information] Now listening on: "http://localhost:5025"
2026-06-12 19:21:44 [Information] Application started. Press Ctrl+C to shut down.
2026-06-12 19:21:44 [Information] Hosting environment: "Development"
2026-06-12 19:21:44 [Information] Content root path: "D:\.NetDeveloper\API Projects\Slamty System API\Slamty.Api"
2026-06-12 19:21:47 [Information] Request starting "HTTP/2" "GET" "https"://"localhost:7243""""/swagger""" - null null
2026-06-12 19:21:52 [Information] Request finished "HTTP/2" "GET" "https"://"localhost:7243""""/swagger""" - 301 0 null 5194.5055ms
2026-06-12 19:21:52 [Information] Request starting "HTTP/2" "GET" "https"://"localhost:7243""""/swagger/index.html""" - null null
2026-06-12 19:21:52 [Information] Request finished "HTTP/2" "GET" "https"://"localhost:7243""""/swagger/index.html""" - 200 null "text/html;charset=utf-8" 191.3256ms
2026-06-12 19:21:52 [Information] Request starting "HTTP/2" "GET" "https"://"localhost:7243""""/_framework/aspnetcore-browser-refresh.js""" - null null
2026-06-12 19:21:52 [Information] Request finished "HTTP/2" "GET" "https"://"localhost:7243""""/_framework/aspnetcore-browser-refresh.js""" - 200 16505 "application/javascript; charset=utf-8" 38.239ms
2026-06-12 19:21:53 [Information] Request starting "HTTP/2" "GET" "https"://"localhost:7243""""/_vs/browserLink""" - null null
2026-06-12 19:21:53 [Information] Request finished "HTTP/2" "GET" "https"://"localhost:7243""""/_vs/browserLink""" - 200 null "text/javascript; charset=UTF-8" 122.8421ms
2026-06-12 19:21:55 [Information] Request starting "HTTP/2" "GET" "https"://"localhost:7243""""/swagger/v1/swagger.json""" - null null
2026-06-12 19:21:55 [Information] Request finished "HTTP/2" "GET" "https"://"localhost:7243""""/swagger/v1/swagger.json""" - 200 null "application/json;charset=utf-8" 68.5241ms
2026-06-12 19:22:14 [Information] Request starting "HTTP/2" "POST" "https"://"localhost:7243""""/api/mobile/Auth/SendOTP""" - "application/json" 50
2026-06-12 19:22:14 [Information] Executing endpoint '"Slamty.Api.Controllers.Mobile.AuthController.SendOTP (Slamty.Api)"'
2026-06-12 19:22:14 [Information] Route matched with "{action = \"SendOTP\", controller = \"Auth\"}". Executing controller action with signature "System.Threading.Tasks.Task`1[Microsoft.AspNetCore.Mvc.IActionResult] SendOTP(Slamty.Application.Features.Auth.Commands.SendOTP.SendOTPCommand)" on controller "Slamty.Api.Controllers.Mobile.AuthController" ("Slamty.Api").
2026-06-12 19:22:15 [Warning] You do not have a valid license key for the Lucky Penny software MediatR. This is allowed for development and testing scenarios. If you are running in production you are required to have a licensed version. Please visit https://luckypennysoftware.com to obtain a valid license.
2026-06-12 19:22:19 [Warning] Entity '"AppUser"' has a global query filter defined and is the required end of a relationship with the entity '"MobileUser"'. This may lead to unexpected results when the required entity is filtered out. Either configure the navigation as optional, or define matching query filters for both entities in the navigation. See https://go.microsoft.com/fwlink/?linkid=2131316 for more information.
2026-06-12 19:22:19 [Warning] Entity '"AppUser"' has a global query filter defined and is the required end of a relationship with the entity '"Notification"'. This may lead to unexpected results when the required entity is filtered out. Either configure the navigation as optional, or define matching query filters for both entities in the navigation. See https://go.microsoft.com/fwlink/?linkid=2131316 for more information.
2026-06-12 19:22:22 [Error] An error occurred using the connection to database '""' on server '""'.
2026-06-12 19:22:22 [Error] An exception occurred while iterating over the results of a query for context type '"Slamty.Infrastructure.Data.Identity.AppIdentityDbContext"'."
""System.InvalidOperationException: The ConnectionString property has not been initialized.
   at Microsoft.Data.SqlClient.SqlConnection.PermissionDemand()
   at Microsoft.Data.SqlClient.SqlConnectionFactory.PermissionDemand(DbConnection outerConnection)
   at Microsoft.Data.ProviderBase.DbConnectionInternal.TryOpenConnectionInternal(DbConnection outerConnection, DbConnectionFactory connectionFactory, TaskCompletionSource`1 retry, DbConnectionOptions userOptions)
   at Microsoft.Data.ProviderBase.DbConnectionClosed.TryOpenConnection(DbConnection outerConnection, DbConnectionFactory connectionFactory, TaskCompletionSource`1 retry, DbConnectionOptions userOptions)
   at Microsoft.Data.SqlClient.SqlConnection.TryOpen(TaskCompletionSource`1 retry, SqlConnectionOverrides overrides)
   at Microsoft.Data.SqlClient.SqlConnection.InternalOpenAsync(CancellationToken cancellationToken)
--- End of stack trace from previous location ---
   at Microsoft.EntityFrameworkCore.Storage.RelationalConnection.OpenInternalAsync(Boolean errorsExpected, CancellationToken cancellationToken)
   at Microsoft.EntityFrameworkCore.Storage.RelationalConnection.OpenInternalAsync(Boolean errorsExpected, CancellationToken cancellationToken)
   at Microsoft.EntityFrameworkCore.Storage.RelationalConnection.OpenAsync(CancellationToken cancellationToken, Boolean errorsExpected)
   at Microsoft.EntityFrameworkCore.Storage.RelationalCommand.ExecuteReaderAsync(RelationalCommandParameterObject parameterObject, CancellationToken cancellationToken)
   at Microsoft.EntityFrameworkCore.Query.Internal.SingleQueryingEnumerable`1.AsyncEnumerator.InitializeReaderAsync(AsyncEnumerator enumerator, CancellationToken cancellationToken)
   at Microsoft.EntityFrameworkCore.SqlServer.Storage.Internal.SqlServerExecutionStrategy.ExecuteAsync[TState,TResult](TState state, Func`4 operation, Func`4 verifySucceeded, CancellationToken cancellationToken)
   at Microsoft.EntityFrameworkCore.Query.Internal.SingleQueryingEnumerable`1.AsyncEnumerator.MoveNextAsync()"
System.InvalidOperationException: The ConnectionString property has not been initialized.
   at Microsoft.Data.SqlClient.SqlConnection.PermissionDemand()
   at Microsoft.Data.SqlClient.SqlConnectionFactory.PermissionDemand(DbConnection outerConnection)
   at Microsoft.Data.ProviderBase.DbConnectionInternal.TryOpenConnectionInternal(DbConnection outerConnection, DbConnectionFactory connectionFactory, TaskCompletionSource`1 retry, DbConnectionOptions userOptions)
   at Microsoft.Data.ProviderBase.DbConnectionClosed.TryOpenConnection(DbConnection outerConnection, DbConnectionFactory connectionFactory, TaskCompletionSource`1 retry, DbConnectionOptions userOptions)
   at Microsoft.Data.SqlClient.SqlConnection.TryOpen(TaskCompletionSource`1 retry, SqlConnectionOverrides overrides)
   at Microsoft.Data.SqlClient.SqlConnection.InternalOpenAsync(CancellationToken cancellationToken)
--- End of stack trace from previous location ---
   at Microsoft.EntityFrameworkCore.Storage.RelationalConnection.OpenInternalAsync(Boolean errorsExpected, CancellationToken cancellationToken)
   at Microsoft.EntityFrameworkCore.Storage.RelationalConnection.OpenInternalAsync(Boolean errorsExpected, CancellationToken cancellationToken)
   at Microsoft.EntityFrameworkCore.Storage.RelationalConnection.OpenAsync(CancellationToken cancellationToken, Boolean errorsExpected)
   at Microsoft.EntityFrameworkCore.Storage.RelationalCommand.ExecuteReaderAsync(RelationalCommandParameterObject parameterObject, CancellationToken cancellationToken)
   at Microsoft.EntityFrameworkCore.Query.Internal.SingleQueryingEnumerable`1.AsyncEnumerator.InitializeReaderAsync(AsyncEnumerator enumerator, CancellationToken cancellationToken)
   at Microsoft.EntityFrameworkCore.SqlServer.Storage.Internal.SqlServerExecutionStrategy.ExecuteAsync[TState,TResult](TState state, Func`4 operation, Func`4 verifySucceeded, CancellationToken cancellationToken)
   at Microsoft.EntityFrameworkCore.Query.Internal.SingleQueryingEnumerable`1.AsyncEnumerator.MoveNextAsync()
2026-06-12 19:22:22 [Information] Executed action "Slamty.Api.Controllers.Mobile.AuthController.SendOTP (Slamty.Api)" in 7628.2685ms
2026-06-12 19:22:22 [Information] Executed endpoint '"Slamty.Api.Controllers.Mobile.AuthController.SendOTP (Slamty.Api)"'
2026-06-12 19:22:22 [Error] An unhandled exception has occurred while executing the request.
System.InvalidOperationException: The ConnectionString property has not been initialized.
   at Microsoft.Data.SqlClient.SqlConnection.PermissionDemand()
   at Microsoft.Data.SqlClient.SqlConnectionFactory.PermissionDemand(DbConnection outerConnection)
   at Microsoft.Data.ProviderBase.DbConnectionInternal.TryOpenConnectionInternal(DbConnection outerConnection, DbConnectionFactory connectionFactory, TaskCompletionSource`1 retry, DbConnectionOptions userOptions)
   at Microsoft.Data.ProviderBase.DbConnectionClosed.TryOpenConnection(DbConnection outerConnection, DbConnectionFactory connectionFactory, TaskCompletionSource`1 retry, DbConnectionOptions userOptions)
   at Microsoft.Data.SqlClient.SqlConnection.TryOpen(TaskCompletionSource`1 retry, SqlConnectionOverrides overrides)
   at Microsoft.Data.SqlClient.SqlConnection.InternalOpenAsync(CancellationToken cancellationToken)
--- End of stack trace from previous location ---
   at Microsoft.EntityFrameworkCore.Storage.RelationalConnection.OpenInternalAsync(Boolean errorsExpected, CancellationToken cancellationToken)
   at Microsoft.EntityFrameworkCore.Storage.RelationalConnection.OpenInternalAsync(Boolean errorsExpected, CancellationToken cancellationToken)
   at Microsoft.EntityFrameworkCore.Storage.RelationalConnection.OpenAsync(CancellationToken cancellationToken, Boolean errorsExpected)
   at Microsoft.EntityFrameworkCore.Storage.RelationalCommand.ExecuteReaderAsync(RelationalCommandParameterObject parameterObject, CancellationToken cancellationToken)
   at Microsoft.EntityFrameworkCore.Query.Internal.SingleQueryingEnumerable`1.AsyncEnumerator.InitializeReaderAsync(AsyncEnumerator enumerator, CancellationToken cancellationToken)
   at Microsoft.EntityFrameworkCore.SqlServer.Storage.Internal.SqlServerExecutionStrategy.ExecuteAsync[TState,TResult](TState state, Func`4 operation, Func`4 verifySucceeded, CancellationToken cancellationToken)
   at Microsoft.EntityFrameworkCore.Query.Internal.SingleQueryingEnumerable`1.AsyncEnumerator.MoveNextAsync()
   at Microsoft.EntityFrameworkCore.Query.ShapedQueryCompilingExpressionVisitor.SingleOrDefaultAsync[TSource](IAsyncEnumerable`1 asyncEnumerable, CancellationToken cancellationToken)
   at Microsoft.EntityFrameworkCore.Query.ShapedQueryCompilingExpressionVisitor.SingleOrDefaultAsync[TSource](IAsyncEnumerable`1 asyncEnumerable, CancellationToken cancellationToken)
   at Microsoft.AspNetCore.Identity.UserManager`1.FindByEmailAsync(String email)
   at Slamty.Application.Features.Auth.Commands.SendOTP.SendOTPCommandHandler.Handle(SendOTPCommand request, CancellationToken cancellationToken) in D:\.NetDeveloper\API Projects\Slamty System API\Slamty.Application\Features\Auth\Commands\SendOTP\SendOTPCommandHandler.cs:line 26
   at Slamty.Api.Controllers.Mobile.AuthController.SendOTP(SendOTPCommand request) in D:\.NetDeveloper\API Projects\Slamty System API\Slamty.Api\Controllers\Mobile\AuthController.cs:line 53
   at Microsoft.AspNetCore.Mvc.Infrastructure.ActionMethodExecutor.TaskOfIActionResultExecutor.Execute(ActionContext actionContext, IActionResultTypeMapper mapper, ObjectMethodExecutor executor, Object controller, Object[] arguments)
   at Microsoft.AspNetCore.Mvc.Infrastructure.ControllerActionInvoker.<InvokeActionMethodAsync>g__Awaited|12_0(ControllerActionInvoker invoker, ValueTask`1 actionResultValueTask)
   at Microsoft.AspNetCore.Mvc.Infrastructure.ControllerActionInvoker.<InvokeNextActionFilterAsync>g__Awaited|10_0(ControllerActionInvoker invoker, Task lastTask, State next, Scope scope, Object state, Boolean isCompleted)
   at Microsoft.AspNetCore.Mvc.Infrastructure.ControllerActionInvoker.Rethrow(ActionExecutedContextSealed context)
   at Microsoft.AspNetCore.Mvc.Infrastructure.ControllerActionInvoker.Next(State& next, Scope& scope, Object& state, Boolean& isCompleted)
   at Microsoft.AspNetCore.Mvc.Infrastructure.ControllerActionInvoker.InvokeInnerFilterAsync()
--- End of stack trace from previous location ---
   at Microsoft.AspNetCore.Mvc.Infrastructure.ResourceInvoker.<InvokeFilterPipelineAsync>g__Awaited|20_0(ResourceInvoker invoker, Task lastTask, State next, Scope scope, Object state, Boolean isCompleted)
   at Microsoft.AspNetCore.Mvc.Infrastructure.ResourceInvoker.<InvokeAsync>g__Logged|17_1(ResourceInvoker invoker)
   at Microsoft.AspNetCore.Mvc.Infrastructure.ResourceInvoker.<InvokeAsync>g__Logged|17_1(ResourceInvoker invoker)
   at Microsoft.AspNetCore.Routing.EndpointMiddleware.<Invoke>g__AwaitRequestTask|7_0(Endpoint endpoint, Task requestTask, ILogger logger)
   at Microsoft.AspNetCore.Authorization.AuthorizationMiddleware.Invoke(HttpContext context)
   at Swashbuckle.AspNetCore.SwaggerUI.SwaggerUIMiddleware.Invoke(HttpContext httpContext)
   at Swashbuckle.AspNetCore.Swagger.SwaggerMiddleware.Invoke(HttpContext httpContext, ISwaggerProvider swaggerProvider)
   at Microsoft.AspNetCore.Authentication.AuthenticationMiddleware.Invoke(HttpContext context)
   at Microsoft.AspNetCore.Diagnostics.DeveloperExceptionPageMiddlewareImpl.Invoke(HttpContext context)
2026-06-12 19:22:22 [Information] Request finished "HTTP/2" "POST" "https"://"localhost:7243""""/api/mobile/Auth/SendOTP""" - 500 null "text/plain; charset=utf-8" 8284.2303ms
2026-06-12 19:24:16 [Information] User profile is available. Using '"C:\Users\AHMED\AppData\Local\ASP.NET\DataProtection-Keys"' as key repository and Windows DPAPI to encrypt keys at rest.
2026-06-12 19:24:17 [Information] Now listening on: "https://localhost:7243"
2026-06-12 19:24:17 [Information] Now listening on: "http://localhost:5025"
2026-06-12 19:24:18 [Information] Application started. Press Ctrl+C to shut down.
2026-06-12 19:24:18 [Information] Hosting environment: "Development"
2026-06-12 19:24:18 [Information] Content root path: "D:\.NetDeveloper\API Projects\Slamty System API\Slamty.Api"
2026-06-12 19:24:21 [Information] Request starting "HTTP/2" "GET" "https"://"localhost:7243""""/swagger/index.html""" - null null
2026-06-12 19:24:22 [Information] Request finished "HTTP/2" "GET" "https"://"localhost:7243""""/swagger/index.html""" - 200 null "text/html;charset=utf-8" 1140.8013ms
2026-06-12 19:24:24 [Information] Request starting "HTTP/2" "GET" "https"://"localhost:7243""""/_vs/browserLink""" - null null
2026-06-12 19:24:24 [Information] Request starting "HTTP/2" "GET" "https"://"localhost:7243""""/_framework/aspnetcore-browser-refresh.js""" - null null
2026-06-12 19:24:24 [Information] Request finished "HTTP/2" "GET" "https"://"localhost:7243""""/_framework/aspnetcore-browser-refresh.js""" - 200 16505 "application/javascript; charset=utf-8" 354.7854ms
2026-06-12 19:24:25 [Information] Request finished "HTTP/2" "GET" "https"://"localhost:7243""""/_vs/browserLink""" - 200 null "text/javascript; charset=UTF-8" 629.9693ms
2026-06-12 19:24:27 [Information] Request starting "HTTP/2" "GET" "https"://"localhost:7243""""/swagger/v1/swagger.json""" - null null
2026-06-12 19:24:27 [Information] Request finished "HTTP/2" "GET" "https"://"localhost:7243""""/swagger/v1/swagger.json""" - 200 null "application/json;charset=utf-8" 83.5801ms
2026-06-12 19:24:46 [Information] Request starting "HTTP/2" "POST" "https"://"localhost:7243""""/api/mobile/Auth/SendOTP""" - "application/json" 50
2026-06-12 19:24:46 [Information] Executing endpoint '"Slamty.Api.Controllers.Mobile.AuthController.SendOTP (Slamty.Api)"'
2026-06-12 19:24:47 [Information] Route matched with "{action = \"SendOTP\", controller = \"Auth\"}". Executing controller action with signature "System.Threading.Tasks.Task`1[Microsoft.AspNetCore.Mvc.IActionResult] SendOTP(Slamty.Application.Features.Auth.Commands.SendOTP.SendOTPCommand)" on controller "Slamty.Api.Controllers.Mobile.AuthController" ("Slamty.Api").
2026-06-12 19:24:47 [Warning] You do not have a valid license key for the Lucky Penny software MediatR. This is allowed for development and testing scenarios. If you are running in production you are required to have a licensed version. Please visit https://luckypennysoftware.com to obtain a valid license.
2026-06-12 19:24:49 [Warning] Entity '"AppUser"' has a global query filter defined and is the required end of a relationship with the entity '"MobileUser"'. This may lead to unexpected results when the required entity is filtered out. Either configure the navigation as optional, or define matching query filters for both entities in the navigation. See https://go.microsoft.com/fwlink/?linkid=2131316 for more information.
2026-06-12 19:24:49 [Warning] Entity '"AppUser"' has a global query filter defined and is the required end of a relationship with the entity '"Notification"'. This may lead to unexpected results when the required entity is filtered out. Either configure the navigation as optional, or define matching query filters for both entities in the navigation. See https://go.microsoft.com/fwlink/?linkid=2131316 for more information.
2026-06-12 19:24:58 [Information] Executing "OkObjectResult", writing value of type '"Slamty.Application.ResponseTypes.ApiResponse`1[[System.Boolean, System.Private.CoreLib, Version=8.0.0.0, Culture=neutral, PublicKeyToken=7cec85d7bea7798e]]"'.
2026-06-12 19:24:58 [Information] Executed action "Slamty.Api.Controllers.Mobile.AuthController.SendOTP (Slamty.Api)" in 11557.995ms
2026-06-12 19:24:58 [Information] Executed endpoint '"Slamty.Api.Controllers.Mobile.AuthController.SendOTP (Slamty.Api)"'
2026-06-12 19:24:58 [Information] Request finished "HTTP/2" "POST" "https"://"localhost:7243""""/api/mobile/Auth/SendOTP""" - 200 null "application/json; charset=utf-8" 11776.685ms
2026-06-12 19:27:42 [Information] User profile is available. Using '"C:\Users\AHMED\AppData\Local\ASP.NET\DataProtection-Keys"' as key repository and Windows DPAPI to encrypt keys at rest.
2026-06-12 19:27:43 [Information] Now listening on: "https://localhost:7243"
2026-06-12 19:27:43 [Information] Now listening on: "http://localhost:5025"
2026-06-12 19:27:43 [Information] Application started. Press Ctrl+C to shut down.
2026-06-12 19:27:43 [Information] Hosting environment: "Development"
2026-06-12 19:27:43 [Information] Content root path: "D:\.NetDeveloper\API Projects\Slamty System API\Slamty.Api"
2026-06-12 19:28:49 [Information] User profile is available. Using '"C:\Users\AHMED\AppData\Local\ASP.NET\DataProtection-Keys"' as key repository and Windows DPAPI to encrypt keys at rest.
2026-06-12 19:28:49 [Information] Now listening on: "https://localhost:7243"
2026-06-12 19:28:49 [Information] Now listening on: "http://localhost:5025"
2026-06-12 19:28:49 [Information] Application started. Press Ctrl+C to shut down.
2026-06-12 19:28:49 [Information] Hosting environment: "Development"
2026-06-12 19:28:49 [Information] Content root path: "D:\.NetDeveloper\API Projects\Slamty System API\Slamty.Api"
2026-06-12 19:28:50 [Information] Request starting "HTTP/2" "GET" "https"://"localhost:7243""""/swagger/index.html""" - null null
2026-06-12 19:28:53 [Information] Request finished "HTTP/2" "GET" "https"://"localhost:7243""""/swagger/index.html""" - 200 null "text/html;charset=utf-8" 2748.3993ms
2026-06-12 19:28:53 [Information] Request starting "HTTP/2" "GET" "https"://"localhost:7243""""/_framework/aspnetcore-browser-refresh.js""" - null null
2026-06-12 19:28:53 [Information] Request finished "HTTP/2" "GET" "https"://"localhost:7243""""/_framework/aspnetcore-browser-refresh.js""" - 200 16505 "application/javascript; charset=utf-8" 26.8569ms
2026-06-12 19:28:54 [Information] Request starting "HTTP/2" "GET" "https"://"localhost:7243""""/_vs/browserLink""" - null null
2026-06-12 19:28:54 [Information] Request finished "HTTP/2" "GET" "https"://"localhost:7243""""/_vs/browserLink""" - 200 null "text/javascript; charset=UTF-8" 73.6539ms
2026-06-12 19:28:54 [Information] Request starting "HTTP/2" "GET" "https"://"localhost:7243""""/swagger/v1/swagger.json""" - null null
2026-06-12 19:28:54 [Information] Request finished "HTTP/2" "GET" "https"://"localhost:7243""""/swagger/v1/swagger.json""" - 200 null "application/json;charset=utf-8" 39.0086ms
2026-06-12 19:29:32 [Information] Request starting "HTTP/2" "POST" "https"://"localhost:7243""""/api/mobile/Auth/SendOTP""" - "application/json" 50
2026-06-12 19:29:32 [Information] Executing endpoint '"Slamty.Api.Controllers.Mobile.AuthController.SendOTP (Slamty.Api)"'
2026-06-12 19:29:32 [Information] Route matched with "{action = \"SendOTP\", controller = \"Auth\"}". Executing controller action with signature "System.Threading.Tasks.Task`1[Microsoft.AspNetCore.Mvc.IActionResult] SendOTP(Slamty.Application.Features.Auth.Commands.SendOTP.SendOTPCommand)" on controller "Slamty.Api.Controllers.Mobile.AuthController" ("Slamty.Api").
2026-06-12 19:29:32 [Warning] You do not have a valid license key for the Lucky Penny software MediatR. This is allowed for development and testing scenarios. If you are running in production you are required to have a licensed version. Please visit https://luckypennysoftware.com to obtain a valid license.
2026-06-12 19:29:34 [Warning] Entity '"AppUser"' has a global query filter defined and is the required end of a relationship with the entity '"MobileUser"'. This may lead to unexpected results when the required entity is filtered out. Either configure the navigation as optional, or define matching query filters for both entities in the navigation. See https://go.microsoft.com/fwlink/?linkid=2131316 for more information.
2026-06-12 19:29:34 [Warning] Entity '"AppUser"' has a global query filter defined and is the required end of a relationship with the entity '"Notification"'. This may lead to unexpected results when the required entity is filtered out. Either configure the navigation as optional, or define matching query filters for both entities in the navigation. See https://go.microsoft.com/fwlink/?linkid=2131316 for more information.
2026-06-12 19:29:39 [Information] Executing "OkObjectResult", writing value of type '"Slamty.Application.ResponseTypes.ApiResponse`1[[System.Boolean, System.Private.CoreLib, Version=8.0.0.0, Culture=neutral, PublicKeyToken=7cec85d7bea7798e]]"'.
2026-06-12 19:29:39 [Information] Executed action "Slamty.Api.Controllers.Mobile.AuthController.SendOTP (Slamty.Api)" in 7461.275ms
2026-06-12 19:29:39 [Information] Executed endpoint '"Slamty.Api.Controllers.Mobile.AuthController.SendOTP (Slamty.Api)"'
2026-06-12 19:29:39 [Information] Request finished "HTTP/2" "POST" "https"://"localhost:7243""""/api/mobile/Auth/SendOTP""" - 200 null "application/json; charset=utf-8" 7597.9275ms
2026-06-12 19:30:31 [Information] Request starting "HTTP/2" "POST" "https"://"localhost:7243""""/api/mobile/Auth/VerifyOTP""" - "application/json" 69
2026-06-12 19:30:31 [Information] Executing endpoint '"Slamty.Api.Controllers.Mobile.AuthController.VerifyOTP (Slamty.Api)"'
2026-06-12 19:30:31 [Information] Route matched with "{action = \"VerifyOTP\", controller = \"Auth\"}". Executing controller action with signature "System.Threading.Tasks.Task`1[Microsoft.AspNetCore.Mvc.IActionResult] VerifyOTP(Slamty.Application.Features.Auth.Commands.VerifyOTP.VerifyOTPCommand)" on controller "Slamty.Api.Controllers.Mobile.AuthController" ("Slamty.Api").
2026-06-12 19:30:31 [Information] Executing "UnauthorizedObjectResult", writing value of type '"Slamty.Application.ResponseTypes.ApiResponse`1[[System.Boolean, System.Private.CoreLib, Version=8.0.0.0, Culture=neutral, PublicKeyToken=7cec85d7bea7798e]]"'.
2026-06-12 19:30:31 [Information] Executed action "Slamty.Api.Controllers.Mobile.AuthController.VerifyOTP (Slamty.Api)" in 289.43ms
2026-06-12 19:30:31 [Information] Executed endpoint '"Slamty.Api.Controllers.Mobile.AuthController.VerifyOTP (Slamty.Api)"'
2026-06-12 19:30:31 [Information] Request finished "HTTP/2" "POST" "https"://"localhost:7243""""/api/mobile/Auth/VerifyOTP""" - 401 null "application/json; charset=utf-8" 695.0364ms
2026-06-12 19:31:52 [Information] Request starting "HTTP/2" "POST" "https"://"localhost:7243""""/api/mobile/Auth/VerifyOTP""" - "application/json" 69
2026-06-12 19:31:52 [Information] Executing endpoint '"Slamty.Api.Controllers.Mobile.AuthController.VerifyOTP (Slamty.Api)"'
2026-06-12 19:31:52 [Information] Route matched with "{action = \"VerifyOTP\", controller = \"Auth\"}". Executing controller action with signature "System.Threading.Tasks.Task`1[Microsoft.AspNetCore.Mvc.IActionResult] VerifyOTP(Slamty.Application.Features.Auth.Commands.VerifyOTP.VerifyOTPCommand)" on controller "Slamty.Api.Controllers.Mobile.AuthController" ("Slamty.Api").
2026-06-12 19:31:52 [Information] Executing "UnauthorizedObjectResult", writing value of type '"Slamty.Application.ResponseTypes.ApiResponse`1[[System.Boolean, System.Private.CoreLib, Version=8.0.0.0, Culture=neutral, PublicKeyToken=7cec85d7bea7798e]]"'.
2026-06-12 19:31:52 [Information] Executed action "Slamty.Api.Controllers.Mobile.AuthController.VerifyOTP (Slamty.Api)" in 192.5532ms
2026-06-12 19:31:52 [Information] Executed endpoint '"Slamty.Api.Controllers.Mobile.AuthController.VerifyOTP (Slamty.Api)"'
2026-06-12 19:31:52 [Information] Request finished "HTTP/2" "POST" "https"://"localhost:7243""""/api/mobile/Auth/VerifyOTP""" - 401 null "application/json; charset=utf-8" 227.833ms
2026-06-12 19:37:06 [Information] User profile is available. Using '"C:\Users\AHMED\AppData\Local\ASP.NET\DataProtection-Keys"' as key repository and Windows DPAPI to encrypt keys at rest.
2026-06-12 19:37:07 [Information] Now listening on: "https://localhost:7243"
2026-06-12 19:37:07 [Information] Now listening on: "http://localhost:5025"
2026-06-12 19:37:07 [Information] Application started. Press Ctrl+C to shut down.
2026-06-12 19:37:07 [Information] Hosting environment: "Development"
2026-06-12 19:37:07 [Information] Content root path: "D:\.NetDeveloper\API Projects\Slamty System API\Slamty.Api"
2026-06-12 19:37:07 [Information] Request starting "HTTP/2" "GET" "https"://"localhost:7243""""/swagger/index.html""" - null null
2026-06-12 19:37:07 [Information] Request finished "HTTP/2" "GET" "https"://"localhost:7243""""/swagger/index.html""" - 200 null "text/html;charset=utf-8" 260.4416ms
2026-06-12 19:37:08 [Information] Request starting "HTTP/2" "GET" "https"://"localhost:7243""""/_vs/browserLink""" - null null
2026-06-12 19:37:08 [Information] Request starting "HTTP/2" "GET" "https"://"localhost:7243""""/_framework/aspnetcore-browser-refresh.js""" - null null
2026-06-12 19:37:08 [Information] Request finished "HTTP/2" "GET" "https"://"localhost:7243""""/_framework/aspnetcore-browser-refresh.js""" - 200 16505 "application/javascript; charset=utf-8" 16.4933ms
2026-06-12 19:37:08 [Information] Request finished "HTTP/2" "GET" "https"://"localhost:7243""""/_vs/browserLink""" - 200 null "text/javascript; charset=UTF-8" 65.226ms
2026-06-12 19:37:08 [Information] Request starting "HTTP/2" "GET" "https"://"localhost:7243""""/swagger/v1/swagger.json""" - null null
2026-06-12 19:37:08 [Information] Request finished "HTTP/2" "GET" "https"://"localhost:7243""""/swagger/v1/swagger.json""" - 200 null "application/json;charset=utf-8" 58.2606ms
2026-06-12 19:37:35 [Information] Request starting "HTTP/2" "POST" "https"://"localhost:7243""""/api/mobile/Auth/SendOTP""" - "application/json" 50
2026-06-12 19:37:35 [Information] Executing endpoint '"Slamty.Api.Controllers.Mobile.AuthController.SendOTP (Slamty.Api)"'
2026-06-12 19:37:35 [Information] Route matched with "{action = \"SendOTP\", controller = \"Auth\"}". Executing controller action with signature "System.Threading.Tasks.Task`1[Microsoft.AspNetCore.Mvc.IActionResult] SendOTP(Slamty.Application.Features.Auth.Commands.SendOTP.SendOTPCommand)" on controller "Slamty.Api.Controllers.Mobile.AuthController" ("Slamty.Api").
2026-06-12 19:37:35 [Warning] You do not have a valid license key for the Lucky Penny software MediatR. This is allowed for development and testing scenarios. If you are running in production you are required to have a licensed version. Please visit https://luckypennysoftware.com to obtain a valid license.
2026-06-12 19:37:36 [Warning] Entity '"AppUser"' has a global query filter defined and is the required end of a relationship with the entity '"MobileUser"'. This may lead to unexpected results when the required entity is filtered out. Either configure the navigation as optional, or define matching query filters for both entities in the navigation. See https://go.microsoft.com/fwlink/?linkid=2131316 for more information.
2026-06-12 19:37:36 [Warning] Entity '"AppUser"' has a global query filter defined and is the required end of a relationship with the entity '"Notification"'. This may lead to unexpected results when the required entity is filtered out. Either configure the navigation as optional, or define matching query filters for both entities in the navigation. See https://go.microsoft.com/fwlink/?linkid=2131316 for more information.
2026-06-12 19:37:40 [Information] Executing "OkObjectResult", writing value of type '"Slamty.Application.ResponseTypes.ApiResponse`1[[System.Boolean, System.Private.CoreLib, Version=8.0.0.0, Culture=neutral, PublicKeyToken=7cec85d7bea7798e]]"'.
2026-06-12 19:37:40 [Information] Executed action "Slamty.Api.Controllers.Mobile.AuthController.SendOTP (Slamty.Api)" in 4363.5128ms
2026-06-12 19:37:40 [Information] Executed endpoint '"Slamty.Api.Controllers.Mobile.AuthController.SendOTP (Slamty.Api)"'
2026-06-12 19:37:40 [Information] Request finished "HTTP/2" "POST" "https"://"localhost:7243""""/api/mobile/Auth/SendOTP""" - 200 null "application/json; charset=utf-8" 4456.405ms
2026-06-12 19:38:10 [Information] Request starting "HTTP/2" "POST" "https"://"localhost:7243""""/api/mobile/Auth/VerifyOTP""" - "application/json" 69
2026-06-12 19:38:10 [Information] Executing endpoint '"Slamty.Api.Controllers.Mobile.AuthController.VerifyOTP (Slamty.Api)"'
2026-06-12 19:38:10 [Information] Route matched with "{action = \"VerifyOTP\", controller = \"Auth\"}". Executing controller action with signature "System.Threading.Tasks.Task`1[Microsoft.AspNetCore.Mvc.IActionResult] VerifyOTP(Slamty.Application.Features.Auth.Commands.VerifyOTP.VerifyOTPCommand)" on controller "Slamty.Api.Controllers.Mobile.AuthController" ("Slamty.Api").
2026-06-12 19:38:11 [Information] Executing "UnauthorizedObjectResult", writing value of type '"Slamty.Application.ResponseTypes.ApiResponse`1[[System.Boolean, System.Private.CoreLib, Version=8.0.0.0, Culture=neutral, PublicKeyToken=7cec85d7bea7798e]]"'.
2026-06-12 19:38:11 [Information] Executed action "Slamty.Api.Controllers.Mobile.AuthController.VerifyOTP (Slamty.Api)" in 236.2076ms
2026-06-12 19:38:11 [Information] Executed endpoint '"Slamty.Api.Controllers.Mobile.AuthController.VerifyOTP (Slamty.Api)"'
2026-06-12 19:38:11 [Information] Request finished "HTTP/2" "POST" "https"://"localhost:7243""""/api/mobile/Auth/VerifyOTP""" - 401 null "application/json; charset=utf-8" 298.7771ms
2026-06-12 20:02:07 [Information] User profile is available. Using '"C:\Users\AHMED\AppData\Local\ASP.NET\DataProtection-Keys"' as key repository and Windows DPAPI to encrypt keys at rest.
2026-06-12 20:02:07 [Information] Now listening on: "https://localhost:7243"
2026-06-12 20:02:07 [Information] Now listening on: "http://localhost:5025"
2026-06-12 20:02:07 [Information] Application started. Press Ctrl+C to shut down.
2026-06-12 20:02:07 [Information] Hosting environment: "Development"
2026-06-12 20:02:07 [Information] Content root path: "D:\.NetDeveloper\API Projects\Slamty System API\Slamty.Api"
2026-06-12 20:02:08 [Information] Request starting "HTTP/2" "GET" "https"://"localhost:7243""""/swagger/index.html""" - null null
2026-06-12 20:02:08 [Information] Request finished "HTTP/2" "GET" "https"://"localhost:7243""""/swagger/index.html""" - 200 null "text/html;charset=utf-8" 234.973ms
2026-06-12 20:02:09 [Information] Request starting "HTTP/2" "GET" "https"://"localhost:7243""""/_framework/aspnetcore-browser-refresh.js""" - null null
2026-06-12 20:02:09 [Information] Request starting "HTTP/2" "GET" "https"://"localhost:7243""""/_vs/browserLink""" - null null
2026-06-12 20:02:09 [Information] Request finished "HTTP/2" "GET" "https"://"localhost:7243""""/_framework/aspnetcore-browser-refresh.js""" - 200 16505 "application/javascript; charset=utf-8" 17.7802ms
2026-06-12 20:02:09 [Information] Request finished "HTTP/2" "GET" "https"://"localhost:7243""""/_vs/browserLink""" - 200 null "text/javascript; charset=UTF-8" 97.5257ms
2026-06-12 20:02:10 [Information] Request starting "HTTP/2" "GET" "https"://"localhost:7243""""/swagger/v1/swagger.json""" - null null
2026-06-12 20:02:10 [Information] Request finished "HTTP/2" "GET" "https"://"localhost:7243""""/swagger/v1/swagger.json""" - 200 null "application/json;charset=utf-8" 74.5828ms
2026-06-12 20:08:18 [Information] User profile is available. Using '"C:\Users\AHMED\AppData\Local\ASP.NET\DataProtection-Keys"' as key repository and Windows DPAPI to encrypt keys at rest.
2026-06-12 20:08:18 [Information] Now listening on: "https://localhost:7243"
2026-06-12 20:08:18 [Information] Now listening on: "http://localhost:5025"
2026-06-12 20:08:18 [Information] Application started. Press Ctrl+C to shut down.
2026-06-12 20:08:18 [Information] Hosting environment: "Development"
2026-06-12 20:08:18 [Information] Content root path: "D:\.NetDeveloper\API Projects\Slamty System API\Slamty.Api"
2026-06-12 20:08:19 [Information] Request starting "HTTP/2" "GET" "https"://"localhost:7243""""/swagger/index.html""" - null null
2026-06-12 20:08:19 [Information] Request finished "HTTP/2" "GET" "https"://"localhost:7243""""/swagger/index.html""" - 200 null "text/html;charset=utf-8" 262.2735ms
2026-06-12 20:08:19 [Information] Request starting "HTTP/2" "GET" "https"://"localhost:7243""""/_framework/aspnetcore-browser-refresh.js""" - null null
2026-06-12 20:08:19 [Information] Request finished "HTTP/2" "GET" "https"://"localhost:7243""""/_framework/aspnetcore-browser-refresh.js""" - 200 16505 "application/javascript; charset=utf-8" 20.2937ms
2026-06-12 20:08:19 [Information] Request starting "HTTP/2" "GET" "https"://"localhost:7243""""/_vs/browserLink""" - null null
2026-06-12 20:08:19 [Information] Request finished "HTTP/2" "GET" "https"://"localhost:7243""""/_vs/browserLink""" - 200 null "text/javascript; charset=UTF-8" 81.5594ms
2026-06-12 20:08:20 [Information] Request starting "HTTP/2" "GET" "https"://"localhost:7243""""/swagger/v1/swagger.json""" - null null
2026-06-12 20:08:20 [Information] Request finished "HTTP/2" "GET" "https"://"localhost:7243""""/swagger/v1/swagger.json""" - 200 null "application/json;charset=utf-8" 88.9205ms
2026-06-12 20:37:51 [Information] Request starting "HTTP/2" "POST" "https"://"localhost:7243""""/api/mobile/Auth/SendOTP""" - "application/json" 50
2026-06-12 20:37:52 [Information] Executing endpoint '"Slamty.Api.Controllers.Mobile.AuthController.SendOTP (Slamty.Api)"'
2026-06-12 20:37:52 [Information] Route matched with "{action = \"SendOTP\", controller = \"Auth\"}". Executing controller action with signature "System.Threading.Tasks.Task`1[Microsoft.AspNetCore.Mvc.IActionResult] SendOTP(Slamty.Application.Features.Auth.Commands.SendOTP.SendOTPCommand)" on controller "Slamty.Api.Controllers.Mobile.AuthController" ("Slamty.Api").
2026-06-12 20:37:52 [Warning] You do not have a valid license key for the Lucky Penny software MediatR. This is allowed for development and testing scenarios. If you are running in production you are required to have a licensed version. Please visit https://luckypennysoftware.com to obtain a valid license.
2026-06-12 20:37:55 [Warning] Entity '"AppUser"' has a global query filter defined and is the required end of a relationship with the entity '"MobileUser"'. This may lead to unexpected results when the required entity is filtered out. Either configure the navigation as optional, or define matching query filters for both entities in the navigation. See https://go.microsoft.com/fwlink/?linkid=2131316 for more information.
2026-06-12 20:37:55 [Warning] Entity '"AppUser"' has a global query filter defined and is the required end of a relationship with the entity '"Notification"'. This may lead to unexpected results when the required entity is filtered out. Either configure the navigation as optional, or define matching query filters for both entities in the navigation. See https://go.microsoft.com/fwlink/?linkid=2131316 for more information.
2026-06-12 20:38:00 [Information] Executing "OkObjectResult", writing value of type '"Slamty.Application.ResponseTypes.ApiResponse`1[[System.Boolean, System.Private.CoreLib, Version=8.0.0.0, Culture=neutral, PublicKeyToken=7cec85d7bea7798e]]"'.
2026-06-12 20:38:00 [Information] Executed action "Slamty.Api.Controllers.Mobile.AuthController.SendOTP (Slamty.Api)" in 8698.6628ms
2026-06-12 20:38:00 [Information] Executed endpoint '"Slamty.Api.Controllers.Mobile.AuthController.SendOTP (Slamty.Api)"'
2026-06-12 20:38:00 [Information] Request finished "HTTP/2" "POST" "https"://"localhost:7243""""/api/mobile/Auth/SendOTP""" - 200 null "application/json; charset=utf-8" 9035.0018ms
2026-06-12 20:38:33 [Information] Request starting "HTTP/2" "POST" "https"://"localhost:7243""""/api/mobile/Auth/VerifyOTP""" - "application/json" 69
2026-06-12 20:38:33 [Information] Executing endpoint '"Slamty.Api.Controllers.Mobile.AuthController.VerifyOTP (Slamty.Api)"'
2026-06-12 20:38:33 [Information] Route matched with "{action = \"VerifyOTP\", controller = \"Auth\"}". Executing controller action with signature "System.Threading.Tasks.Task`1[Microsoft.AspNetCore.Mvc.IActionResult] VerifyOTP(Slamty.Application.Features.Auth.Commands.VerifyOTP.VerifyOTPCommand)" on controller "Slamty.Api.Controllers.Mobile.AuthController" ("Slamty.Api").
2026-06-12 20:38:34 [Information] Executing "OkObjectResult", writing value of type '"Slamty.Application.ResponseTypes.ApiResponse`1[[System.Boolean, System.Private.CoreLib, Version=8.0.0.0, Culture=neutral, PublicKeyToken=7cec85d7bea7798e]]"'.
2026-06-12 20:38:34 [Information] Executed action "Slamty.Api.Controllers.Mobile.AuthController.VerifyOTP (Slamty.Api)" in 948.8112ms
2026-06-12 20:38:34 [Information] Executed endpoint '"Slamty.Api.Controllers.Mobile.AuthController.VerifyOTP (Slamty.Api)"'
2026-06-12 20:38:34 [Information] Request finished "HTTP/2" "POST" "https"://"localhost:7243""""/api/mobile/Auth/VerifyOTP""" - 200 null "application/json; charset=utf-8" 1004.884ms
2026-06-12 20:41:07 [Information] User profile is available. Using '"C:\Users\AHMED\AppData\Local\ASP.NET\DataProtection-Keys"' as key repository and Windows DPAPI to encrypt keys at rest.
2026-06-12 20:41:08 [Information] Now listening on: "https://localhost:7243"
2026-06-12 20:41:08 [Information] Now listening on: "http://localhost:5025"
2026-06-12 20:41:08 [Information] Application started. Press Ctrl+C to shut down.
2026-06-12 20:41:08 [Information] Hosting environment: "Development"
2026-06-12 20:41:08 [Information] Content root path: "D:\.NetDeveloper\API Projects\Slamty System API\Slamty.Api"
2026-06-12 20:41:09 [Information] Request starting "HTTP/2" "GET" "https"://"localhost:7243""""/swagger/index.html""" - null null
2026-06-12 20:41:09 [Information] Request finished "HTTP/2" "GET" "https"://"localhost:7243""""/swagger/index.html""" - 200 null "text/html;charset=utf-8" 489.2362ms
2026-06-12 20:41:10 [Information] Request starting "HTTP/2" "GET" "https"://"localhost:7243""""/_vs/browserLink""" - null null
2026-06-12 20:41:10 [Information] Request starting "HTTP/2" "GET" "https"://"localhost:7243""""/_framework/aspnetcore-browser-refresh.js""" - null null
2026-06-12 20:41:10 [Information] Request finished "HTTP/2" "GET" "https"://"localhost:7243""""/_framework/aspnetcore-browser-refresh.js""" - 200 16505 "application/javascript; charset=utf-8" 29.4395ms
2026-06-12 20:41:10 [Information] Request finished "HTTP/2" "GET" "https"://"localhost:7243""""/_vs/browserLink""" - 200 null "text/javascript; charset=UTF-8" 78.5541ms
2026-06-12 20:41:11 [Information] Request starting "HTTP/2" "GET" "https"://"localhost:7243""""/swagger/v1/swagger.json""" - null null
2026-06-12 20:41:11 [Information] Request finished "HTTP/2" "GET" "https"://"localhost:7243""""/swagger/v1/swagger.json""" - 200 null "application/json;charset=utf-8" 32.0206ms
